['f28', 'f29', 'f30', 'f31', 'f32', 'f33', 'f34', 'f35', 'f36', 'f37', 'f38', 'f39', 'f40', 'f41', 'f42', 'f43', 'f44', 'f45']
Nb process 20
Query 667
indri_robust2004_max50_std
setCompetitors
50
runCompetition
printResults
Query 668
indri_robust2004_max50_std
setCompetitors
50
runCompetition
printResults
Query 669
indri_robust2004_max50_std
setCompetitors
50
runCompetition
printResults
Query 666
indri_robust2004_max50_std
setCompetitors
50
runCompetition
printResults
Query 665
indri_robust2004_max50_std
setCompetitors
50
runCompetition
printResults
Query 664
indri_robust2004_max50_std
setCompetitors
50
runCompetition
printResults
Query 663
indri_robust2004_max50_std
setCompetitors
50
runCompetition
printResults
Query 662
indri_robust2004_max50_std
setCompetitors
50
runCompetition
printResults
Query 661
indri_robust2004_max50_std
setCompetitors
50
runCompetition
printResults
Query 660
indri_robust2004_max50_std
setCompetitors
50
runCompetition
printResults
Query 692
indri_robust2004_max50_std
setCompetitors
50
runCompetition
printResults
Query 693
indri_robust2004_max50_std
setCompetitors
50
runCompetition
printResults
Query 690
indri_robust2004_max50_std
setCompetitors
50
runCompetition
printResults
Query 691
indri_robust2004_max50_std
setCompetitors
50
runCompetition
printResults
Query 696
indri_robust2004_max50_std
setCompetitors
50
runCompetition
printResults
Query 697
indri_robust2004_max50_std
setCompetitors
50
runCompetition
printResults
Query 694
indri_robust2004_max50_std
setCompetitors
50
runCompetition
printResults
Query 695
indri_robust2004_max50_std
setCompetitors
50
runCompetition
printResults
Query 698
indri_robust2004_max50_std
setCompetitors
50
runCompetition
printResults
Query 699
indri_robust2004_max50_std
setCompetitors
50
runCompetition
printResults
Query 678
indri_robust2004_max50_std
setCompetitors
50
runCompetition
printResults
Query 679
indri_robust2004_max50_std
setCompetitors
50
runCompetition
printResults
Query 674
indri_robust2004_max50_std
setCompetitors
50
runCompetition
printResults
Query 675
indri_robust2004_max50_std
setCompetitors
50
runCompetition
printResults
Query 676
indri_robust2004_max50_std
setCompetitors
50
runCompetition
printResults
Query 677
indri_robust2004_max50_std
setCompetitors
50
runCompetition
printResults
Query 670
indri_robust2004_max50_std
setCompetitors
50
runCompetition
printResults
Query 671
indri_robust2004_max50_std
setCompetitors
50
runCompetition
printResults
Query 672
indri_robust2004_max50_std
setCompetitors
50
runCompetition
printResults
Query 673
indri_robust2004_max50_std
setCompetitors
50
runCompetition
printResults
Query 656
indri_robust2004_max50_std
setCompetitors
50
runCompetition
printResults
Query 657
indri_robust2004_max50_std
setCompetitors
50
runCompetition
printResults
Query 654
indri_robust2004_max50_std
setCompetitors
50
runCompetition
printResults
Query 652
indri_robust2004_max50_std
setCompetitors
50
runCompetition
printResults
Query 653
indri_robust2004_max50_std
setCompetitors
50
runCompetition
printResults
Query 651
indri_robust2004_max50_std
setCompetitors
50
runCompetition
printResults
Query 658
indri_robust2004_max50_std
setCompetitors
50
runCompetition
printResults
Query 659
indri_robust2004_max50_std
setCompetitors
50
runCompetition
printResults
Query 655
indri_robust2004_max50_std
setCompetitors
50
runCompetition
printResults
Query 689
indri_robust2004_max50_std
setCompetitors
50
runCompetition
printResults
Query 688
indri_robust2004_max50_std
setCompetitors
50
runCompetition
printResults
Query 685
indri_robust2004_max50_std
setCompetitors
50
runCompetition
printResults
Query 684
indri_robust2004_max50_std
setCompetitors
50
runCompetition
printResults
Query 687
indri_robust2004_max50_std
setCompetitors
50
runCompetition
printResults
Query 686
indri_robust2004_max50_std
setCompetitors
50
runCompetition
printResults
Query 681
indri_robust2004_max50_std
setCompetitors
50
runCompetition
printResults
Query 680
indri_robust2004_max50_std
setCompetitors
50
runCompetition
printResults
Query 683
indri_robust2004_max50_std
setCompetitors
50
runCompetition
printResults
Query 682
indri_robust2004_max50_std
setCompetitors
50
runCompetition
printResults
[ n= 20 robin ] total time: 226.144246101 ms
